-------------------------------------------------------------------------------
Test set: Section header details verification
-------------------------------------------------------------------------------
Tests run: 6, Failures: 3, Errors: 0, Skipped: 0, Time elapsed: 90.953 s <<< FAILURE! - in Section header details verification
Section header details verification.Verify that header values are right for Sections negative #1  Time elapsed: 13.214 s  <<< FAILURE!
org.junit.ComparisonFailure: 

Expecting value to be true but was false expected:<[tru]e> but was:<[fals]e>
	at java.base/jdk.internal.reflect.DirectConstructorHandleAccessor.newInstance(DirectConstructorHandleAccessor.java:67)
	at java.base/java.lang.reflect.Constructor.newInstanceWithCaller(Constructor.java:499)
	at pageactions.HomePageActions.lambda$checkHeaderPresence$1(HomePageActions.java:60)
	at java.base/java.util.Spliterators$ArraySpliterator.forEachRemaining(Spliterators.java:992)
	at java.base/java.util.stream.ReferencePipeline$Head.forEach(ReferencePipeline.java:762)
	at pageactions.HomePageActions.checkHeaderPresence(HomePageActions.java:58)
	at stepDefinitions.HomePageStepDefinitions.userClicksOnTheSectionAndVerifiesThePresenceOfHeader(HomePageStepDefinitions.java:22)
	at ✽.User clicks on the Section "EVERYDAY TOOLS" and Verifies the presence of Header "HAVING A STRESSFUL DAY?,STRUGGLING TO FOCUS"(file:///E:/mindnAi_ProjectDemo/src/test/resources/FeatureFileSequential/SectionHeaderVerification.feature:20)

Section header details verification.Verify that header values are right for Sections negative #2  Time elapsed: 14.144 s  <<< FAILURE!
org.junit.ComparisonFailure: 

Expecting value to be true but was false expected:<[tru]e> but was:<[fals]e>
	at java.base/jdk.internal.reflect.DirectConstructorHandleAccessor.newInstance(DirectConstructorHandleAccessor.java:67)
	at java.base/java.lang.reflect.Constructor.newInstanceWithCaller(Constructor.java:499)
	at pageactions.HomePageActions.lambda$checkHeaderPresence$1(HomePageActions.java:60)
	at java.base/java.util.Spliterators$ArraySpliterator.forEachRemaining(Spliterators.java:992)
	at java.base/java.util.stream.ReferencePipeline$Head.forEach(ReferencePipeline.java:762)
	at pageactions.HomePageActions.checkHeaderPresence(HomePageActions.java:58)
	at stepDefinitions.HomePageStepDefinitions.userClicksOnTheSectionAndVerifiesThePresenceOfHeader(HomePageStepDefinitions.java:22)
	at ✽.User clicks on the Section "PRODUCTIVITY" and Verifies the presence of Header "PRODUCTIVITY PROGRAMMES FOR YO,FUN TOOLS FOR YOU"(file:///E:/mindnAi_ProjectDemo/src/test/resources/FeatureFileSequential/SectionHeaderVerification.feature:20)

Section header details verification.Verify that header values are right for Sections negative #3  Time elapsed: 13.201 s  <<< FAILURE!
org.junit.ComparisonFailure: 

Expecting value to be true but was false expected:<[tru]e> but was:<[fals]e>
	at java.base/jdk.internal.reflect.DirectConstructorHandleAccessor.newInstance(DirectConstructorHandleAccessor.java:67)
	at java.base/java.lang.reflect.Constructor.newInstanceWithCaller(Constructor.java:499)
	at pageactions.HomePageActions.lambda$checkHeaderPresence$1(HomePageActions.java:60)
	at java.base/java.util.Spliterators$ArraySpliterator.forEachRemaining(Spliterators.java:992)
	at java.base/java.util.stream.ReferencePipeline$Head.forEach(ReferencePipeline.java:762)
	at pageactions.HomePageActions.checkHeaderPresence(HomePageActions.java:58)
	at stepDefinitions.HomePageStepDefinitions.userClicksOnTheSectionAndVerifiesThePresenceOfHeader(HomePageStepDefinitions.java:22)
	at ✽.User clicks on the Section "WELLNESS" and Verifies the presence of Header "WHAT DO YOU WANT TO WORK ON?,FEATURED PROGRAMME"(file:///E:/mindnAi_ProjectDemo/src/test/resources/FeatureFileSequential/SectionHeaderVerification.feature:20)

