<?xml version="1.0" encoding="UTF-8"?>
<testsuite xmlns:xsi="http://www.w3.org/2001/XMLSchema-instance" xsi:noNamespaceSchemaLocation="https://maven.apache.org/surefire/maven-surefire-plugin/xsd/surefire-test-report-3.0.xsd" version="3.0" name="Section header details verification" time="90.953" tests="6" errors="0" skipped="0" failures="3">
  <properties>
[...]
</properties>
  <testcase name="Verify that header values are right for Sections positive #1" classname="Section header details verification" time="16.239">
    <system-out><![CDATA[
Scenario Outline: Verify that header values are right for Sections positive                                                                       # src/test/resources/FeatureFileSequential/SectionHeaderVerification.feature:12
Passed File Path:/src/test/resources/DataConfig/Browser.properties
Passed File Path:/src/test/resources/DataConfig/BrowserStackConfigs.properties
Passed File Path:/src/test/resources/DataConfig/Mobile.properties
Passed File Path:/src/test/resources/DataConfig/QA/CommonProperties.properties
Verify that header values are right for Sections positive is being running at :: 19:${maven.skip.test}
Thread id :: 19 DIDNOT got in to the block  Given User hits the URl of mindAi                                                                                                               # stepDefinitions.CommonPageStepDefinitions.userHitsTheURlOfMindAi()

    Embedding Entered credentials [image/png 1199998 bytes]


    Entered credentials

  Then Logs in using the credentials                                                                                                              # stepDefinitions.LoginPageStepDefinitions.logsInUsingTheCredentials()

    Embedding Landed in Home Page [image/png 64137 bytes]


    Landed in Home Page

  And verifies that he has landed on Home Page                                                                                                    # stepDefinitions.HomePageStepDefinitions.verifiesThatHeHasLandedOnHomePage()

    Embedding Modal Content opened [image/png 671938 bytes]


    Modal Content opened


    From the list of Headers extracted :: [HAVING A STRESSFUL DAY?, STRUGGLING TO FOCUS?, FOCUS GAMES] with the expected value :: HAVING A STRESSFUL DAY?


    From the list of Headers extracted :: [HAVING A STRESSFUL DAY?, STRUGGLING TO FOCUS?, FOCUS GAMES] with the expected value :: STRUGGLING TO FOCUS?


    From the list of Headers extracted :: [HAVING A STRESSFUL DAY?, STRUGGLING TO FOCUS?, FOCUS GAMES] with the expected value :: FOCUS GAMES

  Then User clicks on the Section "EVERYDAY TOOLS" and Verifies the presence of Header "HAVING A STRESSFUL DAY?,STRUGGLING TO FOCUS?,FOCUS GAMES" # stepDefinitions.HomePageStepDefinitions.userClicksOnTheSectionAndVerifiesThePresenceOfHeader(java.lang.String,java.lang.String)

    Closed modal

  Then User closes the modal                                                                                                                      # stepDefinitions.CommonPageStepDefinitions.userClosesTheModal()

    Embedding Clicked on Team [image/png 871894 bytes]


    Clicked on Team


    Embedding Logged Out [image/png 758307 bytes]


    Logged Out

  Then User logs out of the application                                                                                                           # stepDefinitions.CommonPageStepDefinitions.userLogsOutOfTheApplication()
]]></system-out>
    <system-err><![CDATA[Mar 16, 2024 12:49:59 AM org.openqa.selenium.devtools.CdpVersionFinder findNearestMatch
WARNING: Unable to find CDP implementation matching 122
Mar 16, 2024 12:49:59 AM org.openqa.selenium.chromium.ChromiumDriver lambda$new$5
WARNING: Unable to find version of CDP to use for 122.0.6261.129. You may need to include a dependency on a specific version of the CDP using something similar to `org.seleniumhq.selenium:selenium-devtools-v86:4.12.1` where the version ("v86") matches the version of the chromium-based browser you're using and the version number of the artifact is the same as Selenium's.
]]></system-err>
  </testcase>
  <testcase name="Verify that header values are right for Sections positive #2" classname="Section header details verification" time="16.449">
    <system-out><![CDATA[
Scenario Outline: Verify that header values are right for Sections positive                                                              # src/test/resources/FeatureFileSequential/SectionHeaderVerification.feature:13
Passed File Path:/src/test/resources/DataConfig/Browser.properties
Passed File Path:/src/test/resources/DataConfig/BrowserStackConfigs.properties
Passed File Path:/src/test/resources/DataConfig/Mobile.properties
Passed File Path:/src/test/resources/DataConfig/QA/CommonProperties.properties
Verify that header values are right for Sections positive is being running at :: 19:${maven.skip.test}
Thread id :: 19 DIDNOT got in to the block  Given User hits the URl of mindAi                                                                                                      # stepDefinitions.CommonPageStepDefinitions.userHitsTheURlOfMindAi()

    Embedding Entered credentials [image/png 1199998 bytes]


    Entered credentials

  Then Logs in using the credentials                                                                                                     # stepDefinitions.LoginPageStepDefinitions.logsInUsingTheCredentials()

    Embedding Landed in Home Page [image/png 74528 bytes]


    Landed in Home Page

  And verifies that he has landed on Home Page                                                                                           # stepDefinitions.HomePageStepDefinitions.verifiesThatHeHasLandedOnHomePage()

    Embedding Modal Content opened [image/png 341941 bytes]


    Modal Content opened


    From the list of Headers extracted :: [PRODUCTIVITY PROGRAMMES FOR YOU, FUN TOOLS FOR YOU, GAMES FOR PRODUCTIVITY, IN THE VIRTUAL WORLD (VR)] with the expected value :: PRODUCTIVITY PROGRAMMES FOR YOU


    From the list of Headers extracted :: [PRODUCTIVITY PROGRAMMES FOR YOU, FUN TOOLS FOR YOU, GAMES FOR PRODUCTIVITY, IN THE VIRTUAL WORLD (VR)] with the expected value :: FUN TOOLS FOR YOU

  Then User clicks on the Section "PRODUCTIVITY" and Verifies the presence of Header "PRODUCTIVITY PROGRAMMES FOR YOU,FUN TOOLS FOR YOU" # stepDefinitions.HomePageStepDefinitions.userClicksOnTheSectionAndVerifiesThePresenceOfHeader(java.lang.String,java.lang.String)

    Closed modal

  Then User closes the modal                                                                                                             # stepDefinitions.CommonPageStepDefinitions.userClosesTheModal()

    Embedding Clicked on Team [image/png 759684 bytes]


    Clicked on Team


    Embedding Logged Out [image/png 459293 bytes]


    Logged Out

  Then User logs out of the application                                                                                                  # stepDefinitions.CommonPageStepDefinitions.userLogsOutOfTheApplication()
]]></system-out>
    <system-err><![CDATA[Mar 16, 2024 12:50:15 AM org.openqa.selenium.devtools.CdpVersionFinder findNearestMatch
WARNING: Unable to find CDP implementation matching 122
Mar 16, 2024 12:50:15 AM org.openqa.selenium.chromium.ChromiumDriver lambda$new$5
WARNING: Unable to find version of CDP to use for 122.0.6261.129. You may need to include a dependency on a specific version of the CDP using something similar to `org.seleniumhq.selenium:selenium-devtools-v86:4.12.1` where the version ("v86") matches the version of the chromium-based browser you're using and the version number of the artifact is the same as Selenium's.
]]></system-err>
  </testcase>
  <testcase name="Verify that header values are right for Sections positive #3" classname="Section header details verification" time="17.706">
    <system-out><![CDATA[
Scenario Outline: Verify that header values are right for Sections positive                                                         # src/test/resources/FeatureFileSequential/SectionHeaderVerification.feature:14
Passed File Path:/src/test/resources/DataConfig/Browser.properties
Passed File Path:/src/test/resources/DataConfig/BrowserStackConfigs.properties
Passed File Path:/src/test/resources/DataConfig/Mobile.properties
Passed File Path:/src/test/resources/DataConfig/QA/CommonProperties.properties
Verify that header values are right for Sections positive is being running at :: 19:${maven.skip.test}
Thread id :: 19 DIDNOT got in to the block  Given User hits the URl of mindAi                                                                                                 # stepDefinitions.CommonPageStepDefinitions.userHitsTheURlOfMindAi()

    Embedding Entered credentials [image/png 1192040 bytes]


    Entered credentials

  Then Logs in using the credentials                                                                                                # stepDefinitions.LoginPageStepDefinitions.logsInUsingTheCredentials()

    Embedding Landed in Home Page [image/png 56551 bytes]


    Landed in Home Page

  And verifies that he has landed on Home Page                                                                                      # stepDefinitions.HomePageStepDefinitions.verifiesThatHeHasLandedOnHomePage()

    Embedding Modal Content opened [image/png 341163 bytes]


    Modal Content opened


    From the list of Headers extracted :: [WHAT DO YOU WANT TO WORK ON?, FEATURED PROGRAMMES, ASSESS YOURSELF] with the expected value :: WHAT DO YOU WANT TO WORK ON?


    From the list of Headers extracted :: [WHAT DO YOU WANT TO WORK ON?, FEATURED PROGRAMMES, ASSESS YOURSELF] with the expected value :: FEATURED PROGRAMMES

  Then User clicks on the Section "WELLNESS" and Verifies the presence of Header "WHAT DO YOU WANT TO WORK ON?,FEATURED PROGRAMMES" # stepDefinitions.HomePageStepDefinitions.userClicksOnTheSectionAndVerifiesThePresenceOfHeader(java.lang.String,java.lang.String)

    Closed modal

  Then User closes the modal                                                                                                        # stepDefinitions.CommonPageStepDefinitions.userClosesTheModal()

    Embedding Clicked on Team [image/png 680273 bytes]


    Clicked on Team


    Embedding Logged Out [image/png 459291 bytes]


    Logged Out

  Then User logs out of the application                                                                                             # stepDefinitions.CommonPageStepDefinitions.userLogsOutOfTheApplication()
]]></system-out>
    <system-err><![CDATA[Mar 16, 2024 12:50:32 AM org.openqa.selenium.devtools.CdpVersionFinder findNearestMatch
WARNING: Unable to find CDP implementation matching 122
Mar 16, 2024 12:50:32 AM org.openqa.selenium.chromium.ChromiumDriver lambda$new$5
WARNING: Unable to find version of CDP to use for 122.0.6261.129. You may need to include a dependency on a specific version of the CDP using something similar to `org.seleniumhq.selenium:selenium-devtools-v86:4.12.1` where the version ("v86") matches the version of the chromium-based browser you're using and the version number of the artifact is the same as Selenium's.
]]></system-err>
  </testcase>
  <testcase name="Verify that header values are right for Sections negative #1" classname="Section header details verification" time="13.214">
    <failure message="&#10;Expecting value to be true but was false expected:&lt;[tru]e&gt; but was:&lt;[fals]e&gt;" type="org.junit.ComparisonFailure"><![CDATA[org.junit.ComparisonFailure: 

Expecting value to be true but was false expected:<[tru]e> but was:<[fals]e>
	at java.base/jdk.internal.reflect.DirectConstructorHandleAccessor.newInstance(DirectConstructorHandleAccessor.java:67)
	at java.base/java.lang.reflect.Constructor.newInstanceWithCaller(Constructor.java:499)
	at pageactions.HomePageActions.lambda$checkHeaderPresence$1(HomePageActions.java:60)
	at java.base/java.util.Spliterators$ArraySpliterator.forEachRemaining(Spliterators.java:992)
	at java.base/java.util.stream.ReferencePipeline$Head.forEach(ReferencePipeline.java:762)
	at pageactions.HomePageActions.checkHeaderPresence(HomePageActions.java:58)
	at stepDefinitions.HomePageStepDefinitions.userClicksOnTheSectionAndVerifiesThePresenceOfHeader(HomePageStepDefinitions.java:22)
	at ✽.User clicks on the Section "EVERYDAY TOOLS" and Verifies the presence of Header "HAVING A STRESSFUL DAY?,STRUGGLING TO FOCUS"(file:///E:/mindnAi_ProjectDemo/src/test/resources/FeatureFileSequential/SectionHeaderVerification.feature:20)
]]></failure>
    <system-out><![CDATA[
Scenario Outline: Verify that header values are right for Sections negative                                                          # src/test/resources/FeatureFileSequential/SectionHeaderVerification.feature:25
Passed File Path:/src/test/resources/DataConfig/Browser.properties
Passed File Path:/src/test/resources/DataConfig/BrowserStackConfigs.properties
Passed File Path:/src/test/resources/DataConfig/Mobile.properties
Passed File Path:/src/test/resources/DataConfig/QA/CommonProperties.properties
Verify that header values are right for Sections negative is being running at :: 19:${maven.skip.test}
Thread id :: 19 DIDNOT got in to the block  Given User hits the URl of mindAi                                                                                                  # stepDefinitions.CommonPageStepDefinitions.userHitsTheURlOfMindAi()

    Embedding Entered credentials [image/png 1207626 bytes]


    Entered credentials

  Then Logs in using the credentials                                                                                                 # stepDefinitions.LoginPageStepDefinitions.logsInUsingTheCredentials()

    Embedding Landed in Home Page [image/png 66849 bytes]


    Landed in Home Page

  And verifies that he has landed on Home Page                                                                                       # stepDefinitions.HomePageStepDefinitions.verifiesThatHeHasLandedOnHomePage()

    Embedding Modal Content opened [image/png 63274 bytes]


    Modal Content opened


    From the list of Headers extracted :: [HAVING A STRESSFUL DAY?, STRUGGLING TO FOCUS?, FOCUS GAMES] with the expected value :: HAVING A STRESSFUL DAY?


    From the list of Headers extracted :: [HAVING A STRESSFUL DAY?, STRUGGLING TO FOCUS?, FOCUS GAMES] with the expected value :: STRUGGLING TO FOCUS

  Then User clicks on the Section "EVERYDAY TOOLS" and Verifies the presence of Header "HAVING A STRESSFUL DAY?,STRUGGLING TO FOCUS" # stepDefinitions.HomePageStepDefinitions.userClicksOnTheSectionAndVerifiesThePresenceOfHeader(java.lang.String,java.lang.String)
      org.junit.ComparisonFailure: 
Expecting value to be true but was false expected:<[tru]e> but was:<[fals]e>
	at java.base/jdk.internal.reflect.DirectConstructorHandleAccessor.newInstance(DirectConstructorHandleAccessor.java:67)
	at java.base/java.lang.reflect.Constructor.newInstanceWithCaller(Constructor.java:499)
	at pageactions.HomePageActions.lambda$checkHeaderPresence$1(HomePageActions.java:60)
	at java.base/java.util.Spliterators$ArraySpliterator.forEachRemaining(Spliterators.java:992)
	at java.base/java.util.stream.ReferencePipeline$Head.forEach(ReferencePipeline.java:762)
	at pageactions.HomePageActions.checkHeaderPresence(HomePageActions.java:58)
	at stepDefinitions.HomePageStepDefinitions.userClicksOnTheSectionAndVerifiesThePresenceOfHeader(HomePageStepDefinitions.java:22)
	at ✽.User clicks on the Section "EVERYDAY TOOLS" and Verifies the presence of Header "HAVING A STRESSFUL DAY?,STRUGGLING TO FOCUS"(file:///E:/mindnAi_ProjectDemo/src/test/resources/FeatureFileSequential/SectionHeaderVerification.feature:20)

  Then User closes the modal                                                                                                         # stepDefinitions.CommonPageStepDefinitions.userClosesTheModal()
  Then User logs out of the application                                                                                              # stepDefinitions.CommonPageStepDefinitions.userLogsOutOfTheApplication()
]]></system-out>
    <system-err><![CDATA[Mar 16, 2024 12:50:49 AM org.openqa.selenium.devtools.CdpVersionFinder findNearestMatch
WARNING: Unable to find CDP implementation matching 122
Mar 16, 2024 12:50:49 AM org.openqa.selenium.chromium.ChromiumDriver lambda$new$5
WARNING: Unable to find version of CDP to use for 122.0.6261.129. You may need to include a dependency on a specific version of the CDP using something similar to `org.seleniumhq.selenium:selenium-devtools-v86:4.12.1` where the version ("v86") matches the version of the chromium-based browser you're using and the version number of the artifact is the same as Selenium's.
]]></system-err>
  </testcase>
  <testcase name="Verify that header values are right for Sections negative #2" classname="Section header details verification" time="14.144">
    <failure message="&#10;Expecting value to be true but was false expected:&lt;[tru]e&gt; but was:&lt;[fals]e&gt;" type="org.junit.ComparisonFailure"><![CDATA[org.junit.ComparisonFailure: 

Expecting value to be true but was false expected:<[tru]e> but was:<[fals]e>
	at java.base/jdk.internal.reflect.DirectConstructorHandleAccessor.newInstance(DirectConstructorHandleAccessor.java:67)
	at java.base/java.lang.reflect.Constructor.newInstanceWithCaller(Constructor.java:499)
	at pageactions.HomePageActions.lambda$checkHeaderPresence$1(HomePageActions.java:60)
	at java.base/java.util.Spliterators$ArraySpliterator.forEachRemaining(Spliterators.java:992)
	at java.base/java.util.stream.ReferencePipeline$Head.forEach(ReferencePipeline.java:762)
	at pageactions.HomePageActions.checkHeaderPresence(HomePageActions.java:58)
	at stepDefinitions.HomePageStepDefinitions.userClicksOnTheSectionAndVerifiesThePresenceOfHeader(HomePageStepDefinitions.java:22)
	at ✽.User clicks on the Section "PRODUCTIVITY" and Verifies the presence of Header "PRODUCTIVITY PROGRAMMES FOR YO,FUN TOOLS FOR YOU"(file:///E:/mindnAi_ProjectDemo/src/test/resources/FeatureFileSequential/SectionHeaderVerification.feature:20)
]]></failure>
    <system-out><![CDATA[
Scenario Outline: Verify that header values are right for Sections negative                                                             # src/test/resources/FeatureFileSequential/SectionHeaderVerification.feature:26
Passed File Path:/src/test/resources/DataConfig/Browser.properties
Passed File Path:/src/test/resources/DataConfig/BrowserStackConfigs.properties
Passed File Path:/src/test/resources/DataConfig/Mobile.properties
Passed File Path:/src/test/resources/DataConfig/QA/CommonProperties.properties
Verify that header values are right for Sections negative is being running at :: 19:${maven.skip.test}
Thread id :: 19 DIDNOT got in to the block  Given User hits the URl of mindAi                                                                                                     # stepDefinitions.CommonPageStepDefinitions.userHitsTheURlOfMindAi()

    Embedding Entered credentials [image/png 1207626 bytes]


    Entered credentials

  Then Logs in using the credentials                                                                                                    # stepDefinitions.LoginPageStepDefinitions.logsInUsingTheCredentials()

    Embedding Landed in Home Page [image/png 64137 bytes]


    Landed in Home Page

  And verifies that he has landed on Home Page                                                                                          # stepDefinitions.HomePageStepDefinitions.verifiesThatHeHasLandedOnHomePage()

    Embedding Modal Content opened [image/png 646921 bytes]


    Modal Content opened


    From the list of Headers extracted :: [PRODUCTIVITY PROGRAMMES FOR YOU, FUN TOOLS FOR YOU, GAMES FOR PRODUCTIVITY, IN THE VIRTUAL WORLD (VR)] with the expected value :: PRODUCTIVITY PROGRAMMES FOR YO

  Then User clicks on the Section "PRODUCTIVITY" and Verifies the presence of Header "PRODUCTIVITY PROGRAMMES FOR YO,FUN TOOLS FOR YOU" # stepDefinitions.HomePageStepDefinitions.userClicksOnTheSectionAndVerifiesThePresenceOfHeader(java.lang.String,java.lang.String)
      org.junit.ComparisonFailure: 
Expecting value to be true but was false expected:<[tru]e> but was:<[fals]e>
	at java.base/jdk.internal.reflect.DirectConstructorHandleAccessor.newInstance(DirectConstructorHandleAccessor.java:67)
	at java.base/java.lang.reflect.Constructor.newInstanceWithCaller(Constructor.java:499)
	at pageactions.HomePageActions.lambda$checkHeaderPresence$1(HomePageActions.java:60)
	at java.base/java.util.Spliterators$ArraySpliterator.forEachRemaining(Spliterators.java:992)
	at java.base/java.util.stream.ReferencePipeline$Head.forEach(ReferencePipeline.java:762)
	at pageactions.HomePageActions.checkHeaderPresence(HomePageActions.java:58)
	at stepDefinitions.HomePageStepDefinitions.userClicksOnTheSectionAndVerifiesThePresenceOfHeader(HomePageStepDefinitions.java:22)
	at ✽.User clicks on the Section "PRODUCTIVITY" and Verifies the presence of Header "PRODUCTIVITY PROGRAMMES FOR YO,FUN TOOLS FOR YOU"(file:///E:/mindnAi_ProjectDemo/src/test/resources/FeatureFileSequential/SectionHeaderVerification.feature:20)

  Then User closes the modal                                                                                                            # stepDefinitions.CommonPageStepDefinitions.userClosesTheModal()
  Then User logs out of the application                                                                                                 # stepDefinitions.CommonPageStepDefinitions.userLogsOutOfTheApplication()
]]></system-out>
    <system-err><![CDATA[Mar 16, 2024 12:51:03 AM org.openqa.selenium.devtools.CdpVersionFinder findNearestMatch
WARNING: Unable to find CDP implementation matching 122
Mar 16, 2024 12:51:03 AM org.openqa.selenium.chromium.ChromiumDriver lambda$new$5
WARNING: Unable to find version of CDP to use for 122.0.6261.129. You may need to include a dependency on a specific version of the CDP using something similar to `org.seleniumhq.selenium:selenium-devtools-v86:4.12.1` where the version ("v86") matches the version of the chromium-based browser you're using and the version number of the artifact is the same as Selenium's.
]]></system-err>
  </testcase>
  <testcase name="Verify that header values are right for Sections negative #3" classname="Section header details verification" time="13.201">
    <failure message="&#10;Expecting value to be true but was false expected:&lt;[tru]e&gt; but was:&lt;[fals]e&gt;" type="org.junit.ComparisonFailure"><![CDATA[org.junit.ComparisonFailure: 

Expecting value to be true but was false expected:<[tru]e> but was:<[fals]e>
	at java.base/jdk.internal.reflect.DirectConstructorHandleAccessor.newInstance(DirectConstructorHandleAccessor.java:67)
	at java.base/java.lang.reflect.Constructor.newInstanceWithCaller(Constructor.java:499)
	at pageactions.HomePageActions.lambda$checkHeaderPresence$1(HomePageActions.java:60)
	at java.base/java.util.Spliterators$ArraySpliterator.forEachRemaining(Spliterators.java:992)
	at java.base/java.util.stream.ReferencePipeline$Head.forEach(ReferencePipeline.java:762)
	at pageactions.HomePageActions.checkHeaderPresence(HomePageActions.java:58)
	at stepDefinitions.HomePageStepDefinitions.userClicksOnTheSectionAndVerifiesThePresenceOfHeader(HomePageStepDefinitions.java:22)
	at ✽.User clicks on the Section "WELLNESS" and Verifies the presence of Header "WHAT DO YOU WANT TO WORK ON?,FEATURED PROGRAMME"(file:///E:/mindnAi_ProjectDemo/src/test/resources/FeatureFileSequential/SectionHeaderVerification.feature:20)
]]></failure>
    <system-out><![CDATA[
Scenario Outline: Verify that header values are right for Sections negative                                                        # src/test/resources/FeatureFileSequential/SectionHeaderVerification.feature:27
Passed File Path:/src/test/resources/DataConfig/Browser.properties
Passed File Path:/src/test/resources/DataConfig/BrowserStackConfigs.properties
Passed File Path:/src/test/resources/DataConfig/Mobile.properties
Passed File Path:/src/test/resources/DataConfig/QA/CommonProperties.properties
Verify that header values are right for Sections negative is being running at :: 19:${maven.skip.test}
Thread id :: 19 DIDNOT got in to the block  Given User hits the URl of mindAi                                                                                                # stepDefinitions.CommonPageStepDefinitions.userHitsTheURlOfMindAi()

    Embedding Entered credentials [image/png 1184191 bytes]


    Entered credentials

  Then Logs in using the credentials                                                                                               # stepDefinitions.LoginPageStepDefinitions.logsInUsingTheCredentials()

    Embedding Landed in Home Page [image/png 113057 bytes]


    Landed in Home Page

  And verifies that he has landed on Home Page                                                                                     # stepDefinitions.HomePageStepDefinitions.verifiesThatHeHasLandedOnHomePage()

    Embedding Modal Content opened [image/png 649590 bytes]


    Modal Content opened


    From the list of Headers extracted :: [WHAT DO YOU WANT TO WORK ON?, FEATURED PROGRAMMES, ASSESS YOURSELF] with the expected value :: WHAT DO YOU WANT TO WORK ON?


    From the list of Headers extracted :: [WHAT DO YOU WANT TO WORK ON?, FEATURED PROGRAMMES, ASSESS YOURSELF] with the expected value :: FEATURED PROGRAMME

  Then User clicks on the Section "WELLNESS" and Verifies the presence of Header "WHAT DO YOU WANT TO WORK ON?,FEATURED PROGRAMME" # stepDefinitions.HomePageStepDefinitions.userClicksOnTheSectionAndVerifiesThePresenceOfHeader(java.lang.String,java.lang.String)
      org.junit.ComparisonFailure: 
Expecting value to be true but was false expected:<[tru]e> but was:<[fals]e>
	at java.base/jdk.internal.reflect.DirectConstructorHandleAccessor.newInstance(DirectConstructorHandleAccessor.java:67)
	at java.base/java.lang.reflect.Constructor.newInstanceWithCaller(Constructor.java:499)
	at pageactions.HomePageActions.lambda$checkHeaderPresence$1(HomePageActions.java:60)
	at java.base/java.util.Spliterators$ArraySpliterator.forEachRemaining(Spliterators.java:992)
	at java.base/java.util.stream.ReferencePipeline$Head.forEach(ReferencePipeline.java:762)
	at pageactions.HomePageActions.checkHeaderPresence(HomePageActions.java:58)
	at stepDefinitions.HomePageStepDefinitions.userClicksOnTheSectionAndVerifiesThePresenceOfHeader(HomePageStepDefinitions.java:22)
	at ✽.User clicks on the Section "WELLNESS" and Verifies the presence of Header "WHAT DO YOU WANT TO WORK ON?,FEATURED PROGRAMME"(file:///E:/mindnAi_ProjectDemo/src/test/resources/FeatureFileSequential/SectionHeaderVerification.feature:20)

  Then User closes the modal                                                                                                       # stepDefinitions.CommonPageStepDefinitions.userClosesTheModal()
  Then User logs out of the application                                                                                            # stepDefinitions.CommonPageStepDefinitions.userLogsOutOfTheApplication()
]]></system-out>
    <system-err><![CDATA[Mar 16, 2024 12:51:17 AM org.openqa.selenium.devtools.CdpVersionFinder findNearestMatch
WARNING: Unable to find CDP implementation matching 122
Mar 16, 2024 12:51:17 AM org.openqa.selenium.chromium.ChromiumDriver lambda$new$5
WARNING: Unable to find version of CDP to use for 122.0.6261.129. You may need to include a dependency on a specific version of the CDP using something similar to `org.seleniumhq.selenium:selenium-devtools-v86:4.12.1` where the version ("v86") matches the version of the chromium-based browser you're using and the version number of the artifact is the same as Selenium's.
]]></system-err>
  </testcase>
</testsuite>