<?xml version="1.0" encoding="UTF-8"?>
<testsuite xmlns:xsi="http://www.w3.org/2001/XMLSchema-instance" xsi:noNamespaceSchemaLocation="https://maven.apache.org/surefire/maven-surefire-plugin/xsd/surefire-test-report-3.0.xsd" version="3.0" name="User details verification from Teams Settings" time="145.9" tests="1" errors="0" skipped="0" failures="1">
  <properties>
[...]
</properties>
  <testcase name="Testing user details section positive" classname="User details verification from Teams Settings" time="145.9">
    <failure message="expected:&lt;&quot;mind[]n&quot;&gt; but was:&lt;&quot;mind[-]n&quot;&gt;" type="org.junit.ComparisonFailure"><![CDATA[org.junit.ComparisonFailure: expected:<"mind[]n"> but was:<"mind[-]n">
	at java.base/jdk.internal.reflect.NativeConstructorAccessorImpl.newInstance0(Native Method)
	at java.base/jdk.internal.reflect.NativeConstructorAccessorImpl.newInstance(NativeConstructorAccessorImpl.java:77)
	at java.base/jdk.internal.reflect.DelegatingConstructorAccessorImpl.newInstance(DelegatingConstructorAccessorImpl.java:45)
	at java.base/java.lang.reflect.Constructor.newInstanceWithCaller(Constructor.java:499)
	at pageactions.TeamsPageActions.lambda$assertUserDataFromSettings$0(TeamsPageActions.java:37)
	at java.base/java.util.LinkedHashMap.forEach(LinkedHashMap.java:721)
	at java.base/java.util.Collections$UnmodifiableMap.forEach(Collections.java:1553)
	at pageactions.TeamsPageActions.assertUserDataFromSettings(TeamsPageActions.java:32)
	at stepDefinitions.TeamsPageStepDefinitions.lambda$userVerifiesTheDetailsOfTheUsers$0(TeamsPageStepDefinitions.java:22)
	at java.base/java.util.ArrayList.forEach(ArrayList.java:1511)
	at java.base/java.util.Collections$UnmodifiableCollection.forEach(Collections.java:1092)
	at stepDefinitions.TeamsPageStepDefinitions.userVerifiesTheDetailsOfTheUsers(TeamsPageStepDefinitions.java:21)
	at ✽.user verifies the details of the Users(file:///C:/Users/nandi/Repos/ParallelWithCommonUtil/src/test/resources/FeatureFiles/FeatureFileSequential/DetailsSection.feature:9)
]]></failure>
    <system-out><![CDATA[
Scenario Outline: Testing user details section positive            # src/test/resources/FeatureFiles/FeatureFileSequential/DetailsSection.feature:14
  Given User hits the URl of mindAi                                # stepDefinitions.CommonPageStepDefinitions.userHitsTheURlOfMindAi()

    Embedding Entered credentials [image/png 1148011 bytes]


    Entered credentials

  Then Logs in using the credentials                               # stepDefinitions.LoginPageStepDefinitions.logsInUsingTheCredentials()

    Embedding Landed in Home Page [image/png 167062 bytes]


    Landed in Home Page

  And verifies that he has landed on Home Page                     # stepDefinitions.HomePageStepDefinitions.verifiesThatHeHasLandedOnHomePage()

    Embedding Clicked on Team [image/png 870889 bytes]


    Clicked on Team


    Embedding Landed in Settings page [image/png 577121 bytes]


    Landed in Settings page

  Then User clicks on the Section Team and then goes to "SETTINGS" # stepDefinitions.HomePageStepDefinitions.userClicksOnTheSectionTeamAndThenGoesTo(java.lang.String)

    Found the extracted text value :: info@witmer.ai and matching it with the actual value :: info@witmer.ai for the section :: Company Email ID


    Found the extracted text value :: info@witmer.ai and matching it with the actual value :: info@witmer.ai for the section :: Personal Email ID


    Found the extracted text value :: 6382516128 and matching it with the actual value :: 6382516128 for the section :: Mobile Number


    Found the extracted text value :: Team and matching it with the actual value :: Team for the section :: First Name


    Found the extracted text value :: mind-n and matching it with the actual value :: mindn for the section :: Last Name

  And user verifies the details of the Users                       # stepDefinitions.TeamsPageStepDefinitions.userVerifiesTheDetailsOfTheUsers(io.cucumber.datatable.DataTable)
    | Company Email ID | Personal Email ID | Mobile Number | First Name | Last Name | Date of Birth |
    | info@witmer.ai   | info@witmer.ai    | 6382516128    | Team       | mindn     | 2005-01-01    |
      org.junit.ComparisonFailure: expected:<"mind[]n"> but was:<"mind[-]n">
	at java.base/jdk.internal.reflect.NativeConstructorAccessorImpl.newInstance0(Native Method)
	at java.base/jdk.internal.reflect.NativeConstructorAccessorImpl.newInstance(NativeConstructorAccessorImpl.java:77)
	at java.base/jdk.internal.reflect.DelegatingConstructorAccessorImpl.newInstance(DelegatingConstructorAccessorImpl.java:45)
	at java.base/java.lang.reflect.Constructor.newInstanceWithCaller(Constructor.java:499)
	at pageactions.TeamsPageActions.lambda$assertUserDataFromSettings$0(TeamsPageActions.java:37)
	at java.base/java.util.LinkedHashMap.forEach(LinkedHashMap.java:721)
	at java.base/java.util.Collections$UnmodifiableMap.forEach(Collections.java:1553)
	at pageactions.TeamsPageActions.assertUserDataFromSettings(TeamsPageActions.java:32)
	at stepDefinitions.TeamsPageStepDefinitions.lambda$userVerifiesTheDetailsOfTheUsers$0(TeamsPageStepDefinitions.java:22)
	at java.base/java.util.ArrayList.forEach(ArrayList.java:1511)
	at java.base/java.util.Collections$UnmodifiableCollection.forEach(Collections.java:1092)
	at stepDefinitions.TeamsPageStepDefinitions.userVerifiesTheDetailsOfTheUsers(TeamsPageStepDefinitions.java:21)
	at âœ½.user verifies the details of the Users(file:///C:/Users/nandi/Repos/ParallelWithCommonUtil/src/test/resources/FeatureFiles/FeatureFileSequential/DetailsSection.feature:9)

]]></system-out>
    <system-err><![CDATA[SLF4J: No SLF4J providers were found.
SLF4J: Defaulting to no-operation (NOP) logger implementation
SLF4J: See https://www.slf4j.org/codes.html#noProviders for further details.
ERROR StatusLogger Log4j2 could not find a logging implementation. Please add log4j-core to the classpath. Using SimpleLogger to log to the console...
May 02, 2024 12:28:31 PM org.openqa.selenium.devtools.CdpVersionFinder findNearestMatch
WARNING: Unable to find CDP implementation matching 124
May 02, 2024 12:28:31 PM org.openqa.selenium.chromium.ChromiumDriver lambda$new$5
WARNING: Unable to find version of CDP to use for 124.0.6367.91. You may need to include a dependency on a specific version of the CDP using something similar to `org.seleniumhq.selenium:selenium-devtools-v86:4.12.1` where the version ("v86") matches the version of the chromium-based browser you're using and the version number of the artifact is the same as Selenium's.
]]></system-err>
  </testcase>
</testsuite>