-------------------------------------------------------------------------------
Test set: User details verification from Teams Settings
-------------------------------------------------------------------------------
Tests run: 2, Failures: 1, Errors: 0, Skipped: 0, Time elapsed: 34.531 s <<< FAILURE! - in User details verification from Teams Settings
User details verification from Teams Settings.Testing user details section negative  Time elapsed: 14.959 s  <<< FAILURE!
org.junit.ComparisonFailure: expected:<"mind[]"> but was:<"mind[n]">
	at java.base/jdk.internal.reflect.DirectConstructorHandleAccessor.newInstance(DirectConstructorHandleAccessor.java:67)
	at java.base/java.lang.reflect.Constructor.newInstanceWithCaller(Constructor.java:499)
	at pageactions.TeamsPageActions.lambda$assertUserDataFromSettings$0(TeamsPageActions.java:37)
	at java.base/java.util.LinkedHashMap.forEach(LinkedHashMap.java:721)
	at java.base/java.util.Collections$UnmodifiableMap.forEach(Collections.java:1553)
	at pageactions.TeamsPageActions.assertUserDataFromSettings(TeamsPageActions.java:32)
	at stepDefinitions.TeamsPageStepDefinitions.lambda$userVerifiesTheDetailsOfTheUsers$0(TeamsPageStepDefinitions.java:22)
	at java.base/java.util.ArrayList.forEach(ArrayList.java:1511)
	at java.base/java.util.Collections$UnmodifiableCollection.forEach(Collections.java:1092)
	at stepDefinitions.TeamsPageStepDefinitions.userVerifiesTheDetailsOfTheUsers(TeamsPageStepDefinitions.java:21)
	at âœ½.user verifies the details of the Users(file:///E:/mindnAi_ProjectDemo/src/test/resources/FeatureFileSequential/DetailsSection.feature:21)

